<?xml version="1.0" encoding="UTF-8"?>
<!-- Generated by org.testng.reporters.JUnitXMLReporter -->
<testsuite ignored="1" hostname="Sanju" failures="0" tests="2" name="Default test" time="0.033" errors="0" timestamp="2023-08-24T08:27:25 IST">
  <testcase classname="TestNG.example8_DiableTCExecutionFromTestClass" name="TC1" time="0.005"/>
  <testcase classname="TestNG.example8_DiableTCExecutionFromTestClass" name="TC3" time="0.001"/>
  <testcase classname="TestNG.example8_DiableTCExecutionFromTestClass" name="TC2" time="0.0">
    <ignored/>
  </testcase> <!-- TC2 -->
</testsuite> <!-- Default test -->
