<?xml version="1.0" encoding="UTF-8"?>
<!-- Generated by org.testng.reporters.JUnitXMLReporter -->
<testsuite ignored="2" hostname="Sanju" failures="0" tests="1" name="Test(failed)(failed)" time="0.043" errors="0" timestamp="2023-08-24T08:38:18 IST">
  <testcase classname="TestNG.example9_FailedXML" name="TC3" time="0.006"/>
  <testcase classname="TestNG.example9_FailedXML" name="TC1" time="0.0">
    <ignored/>
  </testcase> <!-- TC1 -->
  <testcase classname="TestNG.example9_FailedXML" name="TC2" time="0.0">
    <ignored/>
  </testcase> <!-- TC2 -->
</testsuite> <!-- Test(failed)(failed) -->
