<?xml version="1.0" encoding="UTF-8"?>
<!-- Generated by org.testng.reporters.JUnitXMLReporter -->
<testsuite ignored="2" hostname="Sanju" failures="1" tests="1" name="Test(failed)" time="0.043" errors="0" timestamp="2023-08-24T08:38:03 IST">
  <testcase classname="TestNG.example9_FailedXML" name="TC3" time="0.008">
    <failure type="java.lang.Error" message="Unresolved compilation problem: 
	Syntax error, insert &amp;quot;;&amp;quot; to complete BlockStatements
">
      <![CDATA[java.lang.Error: Unresolved compilation problem: 
Syntax error, insert ";" to complete BlockStatements

at TestNG.example9_FailedXML.TC3(example9_FailedXML.java:24)
at java.base/java.util.ArrayList.forEach(ArrayList.java:1541)
... Removed 27 stack frames]]>
    </failure>
  </testcase> <!-- TC3 -->
  <testcase classname="TestNG.example9_FailedXML" name="TC1" time="0.0">
    <ignored/>
  </testcase> <!-- TC1 -->
  <testcase classname="TestNG.example9_FailedXML" name="TC2" time="0.0">
    <ignored/>
  </testcase> <!-- TC2 -->
</testsuite> <!-- Test(failed) -->
