<?xml version="1.0" encoding="UTF-8"?>
<!-- Generated by org.testng.reporters.JUnitXMLReporter -->
<testsuite ignored="0" hostname="Sanju" failures="0" tests="6" name="ModuleName" time="0.055" errors="0" timestamp="2023-08-23T09:01:41 IST">
  <testcase classname="TestNG.example6_Sample1" name="TC1" time="0.009"/>
  <testcase classname="TestNG.example6_Sample1" name="TC2" time="0.001"/>
  <testcase classname="TestNG.example6_Sample1" name="TC3" time="0.001"/>
  <testcase classname="TestNG.example6_Sample2" name="TC4" time="0.001"/>
  <testcase classname="TestNG.example6_Sample2" name="TC5" time="0.001"/>
  <testcase classname="TestNG.example6_Sample2" name="TC6" time="0.001"/>
</testsuite> <!-- ModuleName -->
