<?xml version="1.0" encoding="UTF-8"?>
<testng-results ignored="0" total="2" passed="2" failed="0" skipped="0">
  <reporter-output>
    <line>
      <![CDATA[--running TC1--]]>
    </line>
    <line>
      <![CDATA[--running TC2--]]>
    </line>
  </reporter-output>
  <suite started-at="2023-08-22T09:16:51 IST" name="Default suite" finished-at="2023-08-22T09:16:51 IST" duration-ms="49">
    <groups>
    </groups>
    <test started-at="2023-08-22T09:16:51 IST" name="Default test" finished-at="2023-08-22T09:16:51 IST" duration-ms="49">
      <class name="TestNG.example3_EmailableReport">
        <test-method signature="TC1()[pri:0, instance:TestNG.example3_EmailableReport@48974e45]" started-at="2023-08-22T09:16:51 IST" name="TC1" finished-at="2023-08-22T09:16:51 IST" duration-ms="8" status="PASS">
          <reporter-output>
            <line>
              <![CDATA[--running TC1--]]>
            </line>
          </reporter-output>
        </test-method> <!-- TC1 -->
        <test-method signature="TC2()[pri:0, instance:TestNG.example3_EmailableReport@48974e45]" started-at="2023-08-22T09:16:51 IST" name="TC2" finished-at="2023-08-22T09:16:51 IST" duration-ms="2" status="PASS">
          <reporter-output>
            <line>
              <![CDATA[--running TC2--]]>
            </line>
          </reporter-output>
        </test-method> <!-- TC2 -->
      </class> <!-- TestNG.example3_EmailableReport -->
    </test> <!-- Default test -->
  </suite> <!-- Default suite -->
</testng-results>
