<?xml version="1.0" encoding="UTF-8"?>
<testng-results ignored="0" total="1" passed="1" failed="0" skipped="0">
  <reporter-output>
  </reporter-output>
  <suite started-at="2023-08-25T09:09:23 IST" name="Default suite" finished-at="2023-08-25T09:09:47 IST" duration-ms="23621">
    <groups>
    </groups>
    <test started-at="2023-08-25T09:09:23 IST" name="Default test" finished-at="2023-08-25T09:09:47 IST" duration-ms="23621">
      <class name="POM_DDF_TestNG_BaseClass_UtilityClass.PBLoginTest">
        <test-method is-config="true" signature="openBrowser()[pri:0, instance:POM_DDF_TestNG_BaseClass_UtilityClass.PBLoginTest@48f278eb]" started-at="2023-08-25T09:09:23 IST" name="openBrowser" finished-at="2023-08-25T09:09:30 IST" duration-ms="6747" status="PASS">
          <reporter-output>
          </reporter-output>
        </test-method> <!-- openBrowser -->
        <test-method is-config="true" signature="loginToApp()[pri:0, instance:POM_DDF_TestNG_BaseClass_UtilityClass.PBLoginTest@48f278eb]" started-at="2023-08-25T09:09:30 IST" name="loginToApp" finished-at="2023-08-25T09:09:39 IST" duration-ms="8881" status="PASS">
          <reporter-output>
          </reporter-output>
        </test-method> <!-- loginToApp -->
        <test-method signature="VerifyFullName()[pri:0, instance:POM_DDF_TestNG_BaseClass_UtilityClass.PBLoginTest@48f278eb]" started-at="2023-08-25T09:09:39 IST" name="VerifyFullName" finished-at="2023-08-25T09:09:46 IST" duration-ms="7159" status="PASS">
          <reporter-output>
          </reporter-output>
        </test-method> <!-- VerifyFullName -->
        <test-method is-config="true" signature="logoutFromApp()[pri:0, instance:POM_DDF_TestNG_BaseClass_UtilityClass.PBLoginTest@48f278eb]" started-at="2023-08-25T09:09:46 IST" name="logoutFromApp" finished-at="2023-08-25T09:09:46 IST" duration-ms="1" status="PASS">
          <reporter-output>
          </reporter-output>
        </test-method> <!-- logoutFromApp -->
        <test-method is-config="true" signature="closeBrowser()[pri:0, instance:POM_DDF_TestNG_BaseClass_UtilityClass.PBLoginTest@48f278eb]" started-at="2023-08-25T09:09:46 IST" name="closeBrowser" finished-at="2023-08-25T09:09:47 IST" duration-ms="789" status="PASS">
          <reporter-output>
          </reporter-output>
        </test-method> <!-- closeBrowser -->
      </class> <!-- POM_DDF_TestNG_BaseClass_UtilityClass.PBLoginTest -->
    </test> <!-- Default test -->
  </suite> <!-- Default suite -->
</testng-results>
